
[2024-11-23 10:00:01] INFO: User accessed URL: https://www.example.com
[2024-11-23 10:01:15] WARNING: Malicious link detected: https://login-update.verification-fake.net
[2024-11-23 10:02:30] INFO: User logged in with email: alice.smith@domain.com
[2024-11-23 10:03:45] ERROR: Login failed for user: superadmin
[2024-11-23 10:04:50] WARNING: Phishing email detected: no-reply@secure-billing-alert.com
[2024-11-23 10:05:23] INFO: File downloaded from: https://legitimate-site.com/download/package.zip
[2024-11-23 10:06:37] WARNING: Malicious iframe injection: <iframe src="http://evil-site.net/bad.html"></iframe>
[2024-11-23 10:07:45] INFO: User accessed URL: https://secure-login.mysecurebank.com.verify-info
[2024-11-23 10:08:12] INFO: User input detected: password=1234abcd
[2024-11-23 10:09:18] WARNING: Script attack: <script>alert('Security Breach');</script>
[2024-11-23 10:10:22] INFO: Email sent to: support@validdomain.com
[2024-11-23 10:11:05] WARNING: Encoded phishing payload in URL: https://phishing.net/%3Flogin%3Dtrue
[2024-11-23 10:12:44] INFO: User accessed URL: http://verify.details-check.com
[2024-11-23 10:13:15] WARNING: Potential phishing attempt: https://recovery.verify-updates.co
[2024-11-23 10:14:32] INFO: User session ended.
[2024-11-23 10:15:29] INFO: Email received from: noreply@trusted.org
[2024-11-23 10:16:48] WARNING: Fake banking URL: https://update-secure.bankfake.com
[2024-11-23 10:17:55] INFO: User accessed URL: https://www.microsoft.com/en-us
[2024-11-23 10:18:42] WARNING: Suspicious script found: <script src="http://malicious.com/script.js"></script>
[2024-11-23 10:19:12] INFO: Email sent to: helpdesk@secure.net
[2024-11-23 10:20:59] WARNING: Encoded phishing link accessed: https://safe.url/%20login%3Dupdate
[2024-11-23 10:21:45] INFO: User accessed URL: https://safe-url.org
[2024-11-23 10:22:34] WARNING: Phishing domain flagged: https://paypal-login.scammer.co
[2024-11-23 10:23:50] INFO: File uploaded to: https://secureupload.trusted.org
[2024-11-23 10:24:39] WARNING: Suspicious email domain: admin@secure.pay-info-fake.net
[2024-11-23 10:25:21] INFO: System status: Operational
[2024-11-23 10:26:18] WARNING: Fake login detected: https://account.recover-verify.com
[2024-11-23 10:27:33] INFO: File downloaded from: http://example-safe.com/resource.zip
[2024-11-23 10:28:41] INFO: User accessed URL: http://secure-safe-login.org
[2024-11-23 10:29:57] WARNING: Script embedded in page: <script>alert('Account Locked!');</script>
[2024-11-23 10:30:25] WARNING: Suspicious phishing site accessed: https://update-payments-paypal.fakeupdate.co
[2024-11-23 10:31:48] INFO: User logged in with email: frank.jones@trustedcompany.com
[2024-11-23 10:32:50] WARNING: Malicious email sender: alert@verify.bank-restore-fake.com
[2024-11-23 10:33:12] INFO: User accessed URL: https://example.org/documentation
[2024-11-23 10:34:05] WARNING: Fake iframe detected: <iframe src="http://attacksite.co/data.html"></iframe>
[2024-11-23 10:35:30] INFO: User downloaded safe file: https://trustedserver.com/files/config.json
[2024-11-23 10:36:15] WARNING: Obfuscated URL accessed: http://bad-site.net/%41%42%43payload
[2024-11-23 10:37:05] INFO: User accessed URL: https://legitimate-url.com/page
[2024-11-23 10:38:29] WARNING: Phishing email flagged: support@secure-verify-payment.net
[2024-11-23 10:39:55] INFO: User uploaded file: http://safe-upload.trusted.net/files
[2024-11-23 10:40:45] WARNING: Malicious link detected: https://secure-login.restore-myaccount.com
[2024-11-23 10:41:23] INFO: User accessed URL: http://verified-safe-site.org
[2024-11-23 10:42:34] WARNING: Suspicious bank verification page: https://bankinfo-update.mybank-fake.org
[2024-11-23 10:43:48] INFO: System restarted successfully.
[2024-11-23 10:44:19] WARNING: Detected harmful script: <script src="http://badurl.org/mal.js"></script>
[2024-11-23 10:45:38] WARNING: Phishing login page accessed: https://login-paypal.security-updates.org
[2024-11-23 10:46:57] INFO: User logged out.
