2024-11-22 09:00:01, Info    SYSTEM       System startup completed successfully.
2024-11-22 09:01:01, Info    SYSTEM       System startup completed successfully.
2024-11-22 09:02:01, Info    SYSTEM       System startup completed successfully.
2024-11-22 09:03:01, Info    SYSTEM       System startup completed successfully.
2024-11-22 09:04:01, Info    SYSTEM       System startup completed successfully.
2024-11-22 09:05:01, Info    USER         User login: username=user1, ip=192.168.1.10
2024-11-22 09:06:01, Info    USER         User login: username=user2, ip=192.168.1.10
2024-11-22 09:07:01, Info    USER         User login: username=user3, ip=192.168.1.10
2024-11-22 09:08:01, Info    USER         User login: username=user4, ip=192.168.1.10
2024-11-22 09:09:01, Info    USER         User login: username=user5, ip=192.168.1.10
2024-11-22 09:10:01, Info    DATABASE     Query executed: Retrieve employee data by department ID.
2024-11-22 09:11:01, Info    DATABASE     Query executed: Retrieve employee data by department ID.
2024-11-22 09:12:01, Info    DATABASE     Query executed: Retrieve employee data by department ID.
2024-11-22 09:13:01, Info    DATABASE     Query executed: Retrieve employee data by department ID.
2024-11-22 09:14:01, Info    DATABASE     Query executed: Retrieve employee data by department ID.
2024-11-22 09:15:01, Info    SYSTEM       Backup process started for directory /var/backups.
2024-11-22 09:16:01, Info    SYSTEM       Backup process started for directory /var/backups.
2024-11-22 09:17:01, Info    SYSTEM       Backup process started for directory /var/backups.
2024-11-22 09:18:01, Info    SYSTEM       Backup process started for directory /var/backups.
2024-11-22 09:19:01, Info    SYSTEM       Backup process started for directory /var/backups.
2024-11-22 09:20:01, Info    SYSTEM       Backup process completed successfully.
2024-11-22 09:21:01, Info    SYSTEM       Backup process completed successfully.
2024-11-22 09:22:01, Info    SYSTEM       Backup process completed successfully.
2024-11-22 09:23:01, Info    SYSTEM       Backup process completed successfully.
2024-11-22 09:24:01, Info    SYSTEM       Backup process completed successfully.
2024-11-22 09:25:01, Info    NETWORK      Connection established with server: api.example.com, port: 443.
2024-11-22 09:26:01, Info    NETWORK      Connection established with server: api.example.com, port: 443.
2024-11-22 09:27:01, Info    NETWORK      Connection established with server: api.example.com, port: 443.
2024-11-22 09:28:01, Info    NETWORK      Connection established with server: api.example.com, port: 443.
2024-11-22 09:29:01, Info    NETWORK      Connection established with server: api.example.com, port: 443.
2024-11-22 09:30:01, Info    APPLICATION  Application update check completed: no updates available.
2024-11-22 09:31:01, Info    APPLICATION  Application update check completed: no updates available.
2024-11-22 09:32:01, Info    APPLICATION  Application update check completed: no updates available.
2024-11-22 09:33:01, Info    APPLICATION  Application update check completed: no updates available.
2024-11-22 09:34:01, Info    APPLICATION  Application update check completed: no updates available.
2024-11-22 09:35:01, Info    SYSTEM       System health check: All services running normally.
2024-11-22 09:36:01, Info    SYSTEM       System health check: All services running normally.
2024-11-22 09:37:01, Info    SYSTEM       System health check: All services running normally.
2024-11-22 09:38:01, Info    SYSTEM       System health check: All services running normally.
2024-11-22 09:39:01, Info    SYSTEM       System health check: All services running normally.
2024-11-22 09:40:01, Info    USER         User logout: username=user1, ip=192.168.1.10
